10:09:42.344 [main] WARN  o.s.c.a.AnnotationTypeMapping - Support for convention-based annotation attribute overrides is deprecated and will be removed in Spring Framework 6.1. Please annotate the following attributes in @org.springframework.retry.annotation.EnableRetry with appropriate @AliasFor declarations: [proxyTargetClass]
10:09:44.903 [main] INFO  c.a.a.AuthserviceApplication - The following 1 profile is active: "dev"
10:09:46.162 [main] INFO  o.s.d.r.c.RepositoryConfigurationDelegate - Bootstrapping Spring Data JPA repositories in DEFAULT mode.
10:09:46.405 [main] INFO  o.s.d.r.c.RepositoryConfigurationDelegate - Finished Spring Data repository scanning in 234 ms. Found 1 JPA repository interfaces.
10:09:46.849 [main] INFO  o.s.cloud.context.scope.GenericScope - BeanFactory id=9af0d3cb-f64f-3797-8e58-8a7a91419c4a
10:09:47.584 [main] INFO  o.s.b.w.e.tomcat.TomcatWebServer - Tomcat initialized with port(s): 8082 (http)
10:09:47.602 [main] INFO  o.a.coyote.http11.Http11NioProtocol - Initializing ProtocolHandler ["http-nio-8082"]
10:09:47.604 [main] INFO  o.a.catalina.core.StandardService - Starting service [Tomcat]
10:09:47.605 [main] INFO  o.a.catalina.core.StandardEngine - Starting Servlet engine: [Apache Tomcat/10.1.1]
10:09:47.748 [main] INFO  o.a.c.c.C.[Tomcat].[localhost].[/] - Initializing Spring embedded WebApplicationContext
10:09:47.750 [main] INFO  o.s.b.w.s.c.ServletWebServerApplicationContext - Root WebApplicationContext: initialization completed in 2807 ms
10:09:48.300 [main] INFO  o.f.c.i.license.VersionPrinter - Flyway Community Edition 9.5.1 by Redgate
10:09:48.300 [main] INFO  o.f.c.i.license.VersionPrinter - See what's new here: https://flywaydb.org/documentation/learnmore/releaseNotes#9.5.1
10:09:48.300 [main] INFO  o.f.c.i.license.VersionPrinter - 
10:09:48.315 [main] INFO  com.zaxxer.hikari.HikariDataSource - HikariPool-1 - Starting...
10:09:49.022 [main] INFO  com.zaxxer.hikari.pool.HikariPool - HikariPool-1 - Added connection org.postgresql.jdbc.PgConnection@70840a5a
10:09:49.025 [main] INFO  com.zaxxer.hikari.HikariDataSource - HikariPool-1 - Start completed.
10:09:49.131 [main] INFO  o.f.c.i.d.base.BaseDatabaseType - Database: jdbc:postgresql://database.cgapewpsutqy.eu-west-2.rds.amazonaws.com:5432/DEV-auth-service.db (PostgreSQL 14.3)
10:09:49.587 [main] INFO  o.f.core.internal.command.DbValidate - Successfully validated 1 migration (execution time 00:00.191s)
10:09:50.031 [main] INFO  o.f.core.internal.command.DbMigrate - Current version of schema "public": 1
10:09:50.072 [main] INFO  o.f.core.internal.command.DbMigrate - Schema "public" is up to date. No migration necessary.
10:09:50.469 [main] INFO  o.h.jpa.internal.util.LogHelper - HHH000204: Processing PersistenceUnitInfo [name: default]
10:09:50.560 [main] INFO  org.hibernate.Version - HHH000412: Hibernate ORM core version 6.1.5.Final
10:09:50.797 [main] WARN  org.hibernate.orm.deprecation - HHH90000021: Encountered deprecated setting [javax.persistence.sharedCache.mode], use [jakarta.persistence.sharedCache.mode] instead
10:09:51.167 [main] INFO  SQL dialect - HHH000400: Using dialect: org.hibernate.dialect.PostgreSQLDialect
10:09:52.311 [main] INFO  o.h.e.t.j.p.i.JtaPlatformInitiator - HHH000490: Using JtaPlatform implementation: [org.hibernate.engine.transaction.jta.platform.internal.NoJtaPlatform]
10:09:52.324 [main] INFO  o.s.o.j.LocalContainerEntityManagerFactoryBean - Initialized JPA EntityManagerFactory for persistence unit 'default'
10:09:52.458 [main] INFO  org.reflections.Reflections - Reflections took 73 ms to scan 1 urls, producing 22 keys and 33 values
10:09:52.493 [main] INFO  org.reflections.Reflections - Reflections took 16 ms to scan 1 urls, producing 22 keys and 33 values
10:09:53.737 [main] INFO  o.s.b.a.e.web.EndpointLinksResolver - Exposing 1 endpoint(s) beneath base path '/actuator'
10:09:53.766 [main] INFO  o.s.s.web.DefaultSecurityFilterChain - Will secure any request with [org.springframework.security.web.session.DisableEncodeUrlFilter@34438b38, org.springframework.security.web.context.request.async.WebAsyncManagerIntegrationFilter@28ec92c9, org.springframework.security.web.context.SecurityContextHolderFilter@3e11996e, org.springframework.security.web.header.HeaderWriterFilter@18eb6ea3, org.springframework.web.filter.CorsFilter@27115d45, org.springframework.security.web.csrf.CsrfFilter@54c9c09c, org.springframework.security.web.authentication.logout.LogoutFilter@4d609cc3, org.springframework.security.web.authentication.UsernamePasswordAuthenticationFilter@54aacbc7, org.springframework.security.web.authentication.ui.DefaultLoginPageGeneratingFilter@5a90ea5c, org.springframework.security.web.authentication.ui.DefaultLogoutPageGeneratingFilter@7789719e, org.springframework.security.web.authentication.www.BasicAuthenticationFilter@347770a9, org.springframework.security.web.savedrequest.RequestCacheAwareFilter@44ad3c5e, org.springframework.security.web.servletapi.SecurityContextHolderAwareRequestFilter@65a03c19, org.springframework.security.web.authentication.AnonymousAuthenticationFilter@5fbb2e1c, org.springframework.security.web.access.ExceptionTranslationFilter@1b914e36, org.springframework.security.web.access.intercept.AuthorizationFilter@6019ce4b]
10:09:54.199 [main] INFO  o.s.c.n.e.c.DiscoveryClientOptionalArgsConfiguration - Eureka HTTP Client uses RestTemplate.
10:09:54.275 [main] WARN  o.s.c.l.c.LoadBalancerCacheAutoConfiguration$LoadBalancerCaffeineWarnLogger - Spring Cloud LoadBalancer is currently working with the default cache. While this cache implementation is useful for development and tests, it's recommended to use Caffeine cache in production.You can switch to using Caffeine cache, by adding it and org.springframework.cache.caffeine.CaffeineCacheManager to the classpath.
10:09:54.426 [main] INFO  o.a.coyote.http11.Http11NioProtocol - Starting ProtocolHandler ["http-nio-8082"]
10:09:54.457 [main] INFO  o.s.b.w.e.tomcat.TomcatWebServer - Tomcat started on port(s): 8082 (http) with context path ''
10:09:54.493 [main] INFO  c.a.a.AuthserviceApplication - Started AuthserviceApplication in 13.674 seconds (process running for 15.8)
10:09:54.594 [main] INFO  o.s.a.r.c.CachingConnectionFactory - Attempting to connect to: [rattlesnake.rmq.cloudamqp.com:5671]
10:09:54.905 [main] INFO  o.s.a.r.c.CachingConnectionFactory - Created new connection: rabbitConnectionFactory#4205d1c9:0/SimpleConnection@3aee72d8 [delegate=amqp://snkvjxhu@18.135.60.254:5671/snkvjxhu, localPort=40296]
10:10:06.510 [domain_events_consumer-2] INFO  o.s.a.r.l.SimpleMessageListenerContainer - Waiting for workers to finish.
10:10:06.511 [domain_events_consumer-2] INFO  o.s.a.r.l.SimpleMessageListenerContainer - Successfully waited for workers to finish.
10:10:06.678 [SpringApplicationShutdownHook] INFO  o.s.a.r.l.SimpleMessageListenerContainer - Shutdown ignored - container is already stopped
10:10:06.680 [SpringApplicationShutdownHook] INFO  o.s.o.j.LocalContainerEntityManagerFactoryBean - Closing JPA EntityManagerFactory for persistence unit 'default'
10:10:06.684 [SpringApplicationShutdownHook] INFO  com.zaxxer.hikari.HikariDataSource - HikariPool-1 - Shutdown initiated...
10:10:06.695 [SpringApplicationShutdownHook] INFO  com.zaxxer.hikari.HikariDataSource - HikariPool-1 - Shutdown completed.
